<?xml version="1.0" encoding="UTF-8"?>
<!-- Generated by org.testng.reporters.JUnitReportReporter -->
<testsuite skipped="0" hostname="LAPTOP-148G5DP4" name="TestExample.FirstMethod.BeforeExample" tests="2" failures="0" timestamp="07 Jan 2021 09:56:30 GMT" time="50.627" errors="0">
  <testcase name="exampleTwo" time="34.245" classname="TestExample.FirstMethod.BeforeExample"/>
  <testcase name="exampleOne" time="16.382" classname="TestExample.FirstMethod.BeforeExample"/>
</testsuite> <!-- TestExample.FirstMethod.BeforeExample -->
