<?xml version="1.0" encoding="UTF-8"?>
<!-- Generated by org.testng.reporters.JUnitReportReporter -->
<testsuite skipped="0" hostname="LAPTOP-148G5DP4" name="TestExample.FirstMethod.DemoClass" tests="1" failures="0" timestamp="08 Jan 2021 01:30:27 GMT" time="29.071" errors="0">
  <testcase name="demoOne" time="29.071" classname="TestExample.FirstMethod.DemoClass"/>
</testsuite> <!-- TestExample.FirstMethod.DemoClass -->
