<?xml version="1.0" encoding="UTF-8"?>
<!-- Generated by org.testng.reporters.JUnitReportReporter -->
<testsuite skipped="0" hostname="LAPTOP-148G5DP4" name="TestExample.FirstMethod.ParameterExample" tests="1" failures="0" timestamp="07 Jan 2021 08:39:10 GMT" time="0.016" errors="0">
  <testcase name="firstMethod" time="0.016" classname="TestExample.FirstMethod.ParameterExample"/>
</testsuite> <!-- TestExample.FirstMethod.ParameterExample -->
