<?xml version="1.0" encoding="UTF-8"?>
<!-- Generated by org.testng.reporters.JUnitReportReporter -->
<testsuite skipped="0" hostname="LAPTOP-148G5DP4" name="TestExample.FirstMethod.ActualClass" tests="1" failures="0" timestamp="09 Jan 2021 05:12:09 GMT" time="1.073" errors="0">
  <testcase name="findElement1" time="1.073" classname="TestExample.FirstMethod.ActualClass"/>
</testsuite> <!-- TestExample.FirstMethod.ActualClass -->
