<?xml version="1.0" encoding="UTF-8"?>
<!-- Generated by org.testng.reporters.JUnitReportReporter -->
<testsuite skipped="1" hostname="LAPTOP-148G5DP4" name="TestExample.FirstMethod.TestClass" tests="4" failures="0" timestamp="06 Jan 2021 00:57:56 GMT" time="80.955" errors="0">
  <testcase name="classOne" time="74.951" classname="TestExample.FirstMethod.TestClass"/>
  <testcase name="methodTwo" time="3.003" classname="TestExample.FirstMethod.TestClass"/>
  <testcase name="methodFour" time="3.001" classname="TestExample.FirstMethod.TestClass"/>
  <testcase name="methodThree" classname="TestExample.FirstMethod.TestClass">
    <skipped/>
  </testcase> <!-- methodThree -->
</testsuite> <!-- TestExample.FirstMethod.TestClass -->
