<?xml version="1.0" encoding="UTF-8"?>
<!-- Generated by org.testng.reporters.JUnitReportReporter -->
<testsuite skipped="0" hostname="LAPTOP-148G5DP4" name="TestExample.FirstMethod.GroupExample" tests="2" failures="0" timestamp="07 Jan 2021 05:18:56 GMT" time="0.016" errors="0">
  <testcase name="yamahaRay" time="0.001" classname="TestExample.FirstMethod.GroupExample"/>
  <testcase name="yamahaBike" time="0.015" classname="TestExample.FirstMethod.GroupExample"/>
</testsuite> <!-- TestExample.FirstMethod.GroupExample -->
